Using pre-set license
Built from '6000.0/release' branch; Version is '6000.0.35f1 (9a3bc604008a) revision 10107846'; Using compiler version '193933523'; Build Type 'Release'
OS: 'Windows 10  (10.0.19045) 64bit Professional' Language: 'ru' Physical Memory: 65401 MB
BatchMode: 1, IsHumanControllingUs: 0, StartBugReporterOnCrash: 0, Is64bit: 1, IsPro: 1

COMMAND LINE ARGUMENTS:
C:\Program Files\Unity\Hub\Editor\6000.0.35f1\Editor\Unity.exe
-adb2
-batchMode
-noUpm
-name
AssetImportWorker3
-projectPath
D:/GAME_Unity
-logFile
Logs/AssetImportWorker3.log
-srvPort
61444
-job-worker-count
7
-background-job-worker-count
8
-gc-helper-count
1
Successfully changed project path to: D:/GAME_Unity
D:/GAME_Unity
[UnityMemory] Configuration Parameters - Can be set up in boot.config
    "memorysetup-bucket-allocator-granularity=16"
    "memorysetup-bucket-allocator-bucket-count=8"
    "memorysetup-bucket-allocator-block-size=33554432"
    "memorysetup-bucket-allocator-block-count=8"
    "memorysetup-main-allocator-block-size=16777216"
    "memorysetup-thread-allocator-block-size=16777216"
    "memorysetup-gfx-main-allocator-block-size=16777216"
    "memorysetup-gfx-thread-allocator-block-size=16777216"
    "memorysetup-cache-allocator-block-size=4194304"
    "memorysetup-typetree-allocator-block-size=2097152"
    "memorysetup-profiler-bucket-allocator-granularity=16"
    "memorysetup-profiler-bucket-allocator-bucket-count=8"
    "memorysetup-profiler-bucket-allocator-block-size=33554432"
    "memorysetup-profiler-bucket-allocator-block-count=8"
    "memorysetup-profiler-allocator-block-size=16777216"
    "memorysetup-profiler-editor-allocator-block-size=1048576"
    "memorysetup-temp-allocator-size-main=16777216"
    "memorysetup-job-temp-allocator-block-size=2097152"
    "memorysetup-job-temp-allocator-block-size-background=1048576"
    "memorysetup-job-temp-allocator-reduction-small-platforms=262144"
    "memorysetup-allocator-temp-initial-block-size-main=262144"
    "memorysetup-allocator-temp-initial-block-size-worker=262144"
    "memorysetup-temp-allocator-size-background-worker=32768"
    "memorysetup-temp-allocator-size-job-worker=262144"
    "memorysetup-temp-allocator-size-preload-manager=33554432"
    "memorysetup-temp-allocator-size-nav-mesh-worker=65536"
    "memorysetup-temp-allocator-size-audio-worker=65536"
    "memorysetup-temp-allocator-size-cloud-worker=32768"
    "memorysetup-temp-allocator-size-gi-baking-worker=262144"
    "memorysetup-temp-allocator-size-gi-baking-worker=262144"
    "memorysetup-temp-allocator-size-gi-baking-worker=262144"
    "memorysetup-temp-allocator-size-gi-baking-worker=262144"
    "memorysetup-temp-allocator-size-gi-baking-worker=262144"
    "memorysetup-temp-allocator-size-gfx=262144"
Player connection [17000]  Target information:

Player connection [17000]  * "[IP] 192.168.0.103 [Port] 0 [Flags] 2 [Guid] 546894289 [EditorId] 546894289 [Version] 1048832 [Id] WindowsEditor(7,DESKTOP-E3291VA) [Debug] 1 [PackageName] WindowsEditor [ProjectName] Editor" 

Player connection [17000] Host joined multi-casting on [225.0.0.222:54997]...
Player connection [17000] Host joined alternative multi-casting on [225.0.0.222:34997]...
JobSystem: Creating JobQueue using job-worker-count value 7
Input System module state changed to: Initialized.
[Physics::Module] Initialized fallback backend.
[Physics::Module] Id: 0xdecafbad
Library Redirect Path: Library/
[Physics::Module] Selected backend.
[Physics::Module] Name: PhysX
[Physics::Module] Id: 0xf2b8ea05
[Physics::Module] SDK Version: 4.1.2
[Physics::Module] Integration Version: 1.0.0
[Physics::Module] Threading Mode: Multi-Threaded
Refreshing native plugins compatible for Editor in 0.70 ms, found 3 plugins.
Preloading 0 native plugins for Editor in 0.00 ms.
Initialize engine version: 6000.0.35f1 (9a3bc604008a)
[Subsystems] Discovering subsystems at path C:/Program Files/Unity/Hub/Editor/6000.0.35f1/Editor/Data/Resources/UnitySubsystems
[Subsystems] Discovering subsystems at path D:/GAME_Unity/Assets
GfxDevice: creating device client; kGfxThreadingModeNonThreaded
Direct3D:
    Version:         Direct3D 12 [level 12.1]
    Renderer:        NVIDIA GeForce RTX 3070 (ID=0x2488)
    Vendor:          NVIDIA
    VRAM:            8018 MB
    App VRAM Budget: 7250 MB
    Driver:          32.0.15.6636
Initialize mono
Mono path[0] = 'C:/Program Files/Unity/Hub/Editor/6000.0.35f1/Editor/Data/Managed'
Mono path[1] = 'C:/Program Files/Unity/Hub/Editor/6000.0.35f1/Editor/Data/MonoBleedingEdge/lib/mono/unityjit-win32'
Mono config path = 'C:/Program Files/Unity/Hub/Editor/6000.0.35f1/Editor/Data/MonoBleedingEdge/etc'
Using monoOptions --debugger-agent=transport=dt_socket,embedding=1,server=y,suspend=n,address=127.0.0.1:56436
Begin MonoManager ReloadAssembly
Registering precompiled unity dll's ...
Register platform support module: C:/Program Files/Unity/Hub/Editor/6000.0.35f1/Editor/Data/PlaybackEngines/WebGLSupport/UnityEditor.WebGL.Extensions.dll
Register platform support module: C:/Program Files/Unity/Hub/Editor/6000.0.35f1/Editor/Data/PlaybackEngines/WindowsStandaloneSupport/UnityEditor.WindowsStandalone.Extensions.dll
Registered in 0.002589 seconds.
- Loaded All Assemblies, in  0.325 seconds
Native extension for WindowsStandalone target not found
Native extension for WebGL target not found
Mono: successfully reloaded assembly
- Finished resetting the current domain, in  0.297 seconds
Domain Reload Profiling: 620ms
	BeginReloadAssembly (100ms)
		ExecutionOrderSort (0ms)
		DisableScriptedObjects (0ms)
		BackupInstance (0ms)
		ReleaseScriptingObjects (0ms)
		CreateAndSetChildDomain (1ms)
	RebuildCommonClasses (31ms)
	RebuildNativeTypeToScriptingClass (11ms)
	initialDomainReloadingComplete (43ms)
	LoadAllAssembliesAndSetupDomain (139ms)
		LoadAssemblies (98ms)
		RebuildTransferFunctionScriptingTraits (0ms)
		AnalyzeDomain (137ms)
			TypeCache.Refresh (136ms)
				TypeCache.ScanAssembly (124ms)
			BuildScriptInfoCaches (0ms)
			ResolveRequiredComponents (1ms)
	FinalizeReload (297ms)
		ReleaseScriptCaches (0ms)
		RebuildScriptCaches (0ms)
		SetupLoadedEditorAssemblies (252ms)
			LogAssemblyErrors (0ms)
			InitializePlatformSupportModulesInManaged (24ms)
			SetLoadedEditorAssemblies (4ms)
			BeforeProcessingInitializeOnLoad (49ms)
			ProcessInitializeOnLoadAttributes (132ms)
			ProcessInitializeOnLoadMethodAttributes (43ms)
			AfterProcessingInitializeOnLoad (0ms)
			EditorAssembliesLoaded (0ms)
		ExecutionOrderSort2 (0ms)
		AwakeInstancesAfterBackupRestoration (0ms)
========================================================================
Worker process is ready to serve import requests
Import Worker Mode flag is 0x00
Begin MonoManager ReloadAssembly
- Loaded All Assemblies, in  0.704 seconds
'Packages/com.unity.render-pipelines.high-definition/Editor/Wizard/HDWizard.UIElement.cs' contains partial class of Unity.Object, exactly 1 of the partial classes needs to be in a file with the same filename. This is to know the one that can be referenced from ie. GameObjects
'Packages/com.unity.render-pipelines.high-definition/Editor/Wizard/HDWizard.Configuration.cs' contains partial class of Unity.Object, exactly 1 of the partial classes needs to be in a file with the same filename. This is to know the one that can be referenced from ie. GameObjects
'Packages/com.unity.render-pipelines.high-definition/Editor/Wizard/HDWizard.Window.cs' contains partial class of Unity.Object, exactly 1 of the partial classes needs to be in a file with the same filename. This is to know the one that can be referenced from ie. GameObjects
Refreshing native plugins compatible for Editor in 0.38 ms, found 3 plugins.
Native extension for WindowsStandalone target not found
Native extension for WebGL target not found
Mono: successfully reloaded assembly
- Finished resetting the current domain, in  0.799 seconds
Domain Reload Profiling: 1501ms
	BeginReloadAssembly (151ms)
		ExecutionOrderSort (0ms)
		DisableScriptedObjects (5ms)
		BackupInstance (0ms)
		ReleaseScriptingObjects (0ms)
		CreateAndSetChildDomain (23ms)
	RebuildCommonClasses (33ms)
	RebuildNativeTypeToScriptingClass (14ms)
	initialDomainReloadingComplete (33ms)
	LoadAllAssembliesAndSetupDomain (470ms)
		LoadAssemblies (287ms)
		RebuildTransferFunctionScriptingTraits (0ms)
		AnalyzeDomain (281ms)
			TypeCache.Refresh (224ms)
				TypeCache.ScanAssembly (210ms)
			BuildScriptInfoCaches (43ms)
			ResolveRequiredComponents (10ms)
	FinalizeReload (800ms)
		ReleaseScriptCaches (0ms)
		RebuildScriptCaches (0ms)
		SetupLoadedEditorAssemblies (665ms)
			LogAssemblyErrors (0ms)
			InitializePlatformSupportModulesInManaged (3ms)
			SetLoadedEditorAssemblies (3ms)
			BeforeProcessingInitializeOnLoad (90ms)
			ProcessInitializeOnLoadAttributes (328ms)
			ProcessInitializeOnLoadMethodAttributes (235ms)
			AfterProcessingInitializeOnLoad (6ms)
			EditorAssembliesLoaded (0ms)
		ExecutionOrderSort2 (0ms)
		AwakeInstancesAfterBackupRestoration (5ms)
Launched and connected shader compiler UnityShaderCompiler.exe after 0.01 seconds
Refreshing native plugins compatible for Editor in 0.43 ms, found 3 plugins.
Preloading 0 native plugins for Editor in 0.00 ms.
Unloading 461 Unused Serialized files (Serialized files now loaded: 0)
Unloading 6698 unused Assets / (5.7 MB). Loaded Objects now: 7668.
Memory consumption went from 255.8 MB to 250.1 MB.
Total: 8.572900 ms (FindLiveObjects: 0.728100 ms CreateObjectMapping: 1.143700 ms MarkObjects: 4.157600 ms  DeleteObjects: 2.542700 ms)

========================================================================
Received Import Request.
  Time since last request: 352085.078795 seconds.
  path: Assets/Unity/Apar_Bathroom_Normal.jpg
  artifactKey: Guid(6cec25730895e8e4b8f421477fd6c591) Importer(815301076,1909f56bfc062723c751e8b465ee728b)
Start importing Assets/Unity/Apar_Bathroom_Normal.jpg using Guid(6cec25730895e8e4b8f421477fd6c591) Importer(815301076,1909f56bfc062723c751e8b465ee728b) (PreviewImporter) -> (artifact id: '2b24d3c89c65f1f9657f7acbbb08fcdd') in 0.1008289 seconds
Number of updated asset objects reloaded before import = 0Number of asset objects unloaded after import = 2

========================================================================
Received Import Request.
  Time since last request: 0.000017 seconds.
  path: Assets/Unity/Babka_Body.001_BaseMap.jpg
  artifactKey: Guid(5df7dc6f1fbbddd419b9af1732bfa029) Importer(815301076,1909f56bfc062723c751e8b465ee728b)
Start importing Assets/Unity/Babka_Body.001_BaseMap.jpg using Guid(5df7dc6f1fbbddd419b9af1732bfa029) Importer(815301076,1909f56bfc062723c751e8b465ee728b) (PreviewImporter) -> (artifact id: '104d877daff3330898e39bcdfd102a79') in 0.032638 seconds
Number of updated asset objects reloaded before import = 0Number of asset objects unloaded after import = 2

========================================================================
Received Import Request.
  Time since last request: 0.000013 seconds.
  path: Assets/Unity/Apar_Corridor_BaseMap.jpg
  artifactKey: Guid(37bc32c5a1d2f7d44a2a9d8dc193c70e) Importer(815301076,1909f56bfc062723c751e8b465ee728b)
Start importing Assets/Unity/Apar_Corridor_BaseMap.jpg using Guid(37bc32c5a1d2f7d44a2a9d8dc193c70e) Importer(815301076,1909f56bfc062723c751e8b465ee728b) (PreviewImporter) -> (artifact id: 'e870d5fcc89c88208c2b3dbcafd96598') in 0.0169455 seconds
Number of updated asset objects reloaded before import = 0Number of asset objects unloaded after import = 2

========================================================================
Received Import Request.
  Time since last request: 0.000019 seconds.
  path: Assets/Unity/Apar_Molding_Mat_MaskMap.jpg
  artifactKey: Guid(6f7d0fd0df208fe4191b706c487ce078) Importer(815301076,1909f56bfc062723c751e8b465ee728b)
Start importing Assets/Unity/Apar_Molding_Mat_MaskMap.jpg using Guid(6f7d0fd0df208fe4191b706c487ce078) Importer(815301076,1909f56bfc062723c751e8b465ee728b) (PreviewImporter) -> (artifact id: '0bb4cd33db6f86a1afa3cebfac5e750e') in 0.00767 seconds
Number of updated asset objects reloaded before import = 0Number of asset objects unloaded after import = 2

========================================================================
Received Import Request.
  Time since last request: 0.000018 seconds.
  path: Assets/Unity/Apar_Balcony_Walls_Normal.jpg
  artifactKey: Guid(3aa1046aa6e3dfe49b394682bbd1d7c2) Importer(815301076,1909f56bfc062723c751e8b465ee728b)
Start importing Assets/Unity/Apar_Balcony_Walls_Normal.jpg using Guid(3aa1046aa6e3dfe49b394682bbd1d7c2) Importer(815301076,1909f56bfc062723c751e8b465ee728b) (PreviewImporter) -> (artifact id: 'dc441d82016bbb1fa951b44a10b6c3e9') in 0.0215257 seconds
Number of updated asset objects reloaded before import = 0Number of asset objects unloaded after import = 2

========================================================================
Received Import Request.
  Time since last request: 0.000016 seconds.
  path: Assets/Unity/Apar_Corridor_MaskMap.jpg
  artifactKey: Guid(4f290aa0f4c4b804dac268528d426072) Importer(815301076,1909f56bfc062723c751e8b465ee728b)
Start importing Assets/Unity/Apar_Corridor_MaskMap.jpg using Guid(4f290aa0f4c4b804dac268528d426072) Importer(815301076,1909f56bfc062723c751e8b465ee728b) (PreviewImporter) -> (artifact id: '18a57d25370aeb907a25df37eaa5062d') in 0.0059526 seconds
Number of updated asset objects reloaded before import = 0Number of asset objects unloaded after import = 2

========================================================================
Received Import Request.
  Time since last request: 1.020665 seconds.
  path: Assets/Unity/Babka_Cloth.001_Normal.jpg
  artifactKey: Guid(cc78711df612cb0489fb22a6bff0123d) Importer(815301076,1909f56bfc062723c751e8b465ee728b)
Start importing Assets/Unity/Babka_Cloth.001_Normal.jpg using Guid(cc78711df612cb0489fb22a6bff0123d) Importer(815301076,1909f56bfc062723c751e8b465ee728b) (PreviewImporter) -> (artifact id: 'f99c1e769f9372b890df5a126bffe859') in 0.0149051 seconds
Number of updated asset objects reloaded before import = 0Number of asset objects unloaded after import = 2

========================================================================
Received Import Request.
  Time since last request: 0.000017 seconds.
  path: Assets/Unity/roof_Roof_MaskMap.jpg
  artifactKey: Guid(52f09c61b2315ed448360d561e3fcdcf) Importer(815301076,1909f56bfc062723c751e8b465ee728b)
Start importing Assets/Unity/roof_Roof_MaskMap.jpg using Guid(52f09c61b2315ed448360d561e3fcdcf) Importer(815301076,1909f56bfc062723c751e8b465ee728b) (PreviewImporter) -> (artifact id: '5280448743993a69a14fcb8cf5f07d9f') in 0.0133301 seconds
Number of updated asset objects reloaded before import = 0Number of asset objects unloaded after import = 2

========================================================================
Received Import Request.
  Time since last request: 0.000019 seconds.
  path: Assets/Unity/Babka_Hair_BaseMap.jpg
  artifactKey: Guid(d4c3d0e476438a24da1a215986e45ae5) Importer(815301076,1909f56bfc062723c751e8b465ee728b)
Start importing Assets/Unity/Babka_Hair_BaseMap.jpg using Guid(d4c3d0e476438a24da1a215986e45ae5) Importer(815301076,1909f56bfc062723c751e8b465ee728b) (PreviewImporter) -> (artifact id: 'a1d87c699e51bb8bcaf9167b3aa59924') in 0.0229044 seconds
Number of updated asset objects reloaded before import = 0Number of asset objects unloaded after import = 2

========================================================================
Received Import Request.
  Time since last request: 0.000014 seconds.
  path: Assets/Unity/roof_Roof_BaseMap.jpg
  artifactKey: Guid(665eb7bdddd7e3f43b3ba7c22abb22c6) Importer(815301076,1909f56bfc062723c751e8b465ee728b)
Start importing Assets/Unity/roof_Roof_BaseMap.jpg using Guid(665eb7bdddd7e3f43b3ba7c22abb22c6) Importer(815301076,1909f56bfc062723c751e8b465ee728b) (PreviewImporter) -> (artifact id: 'a9d87026fb32cdd49905d6caf2c08cdb') in 0.0259179 seconds
Number of updated asset objects reloaded before import = 0Number of asset objects unloaded after import = 2

========================================================================
Received Import Request.
  Time since last request: 0.347535 seconds.
  path: Assets/Unity/Rooms_Tambur_Walls_BaseMap.jpg
  artifactKey: Guid(c7d519b19a8a88149a7434623f14ed45) Importer(815301076,1909f56bfc062723c751e8b465ee728b)
Start importing Assets/Unity/Rooms_Tambur_Walls_BaseMap.jpg using Guid(c7d519b19a8a88149a7434623f14ed45) Importer(815301076,1909f56bfc062723c751e8b465ee728b) (PreviewImporter) -> (artifact id: 'b004ad26fdab388edca711b958076e86') in 0.0164505 seconds
Number of updated asset objects reloaded before import = 0Number of asset objects unloaded after import = 2

========================================================================
Received Import Request.
  Time since last request: 0.000016 seconds.
  path: Assets/Unity/Texture_Update_Tambur_Walls_Normal.jpg
  artifactKey: Guid(97b15e09dc07b094e8235aa1625264d9) Importer(815301076,1909f56bfc062723c751e8b465ee728b)
Start importing Assets/Unity/Texture_Update_Tambur_Walls_Normal.jpg using Guid(97b15e09dc07b094e8235aa1625264d9) Importer(815301076,1909f56bfc062723c751e8b465ee728b) (PreviewImporter) -> (artifact id: '1408163af942b94dec78128e379b4f68') in 0.0272308 seconds
Number of updated asset objects reloaded before import = 0Number of asset objects unloaded after import = 2

========================================================================
Received Import Request.
  Time since last request: 0.000019 seconds.
  path: Assets/Unity/Rooms_Tambur_Walls_MaskMap.jpg
  artifactKey: Guid(a3661084cfec94647b16c67770ccd272) Importer(815301076,1909f56bfc062723c751e8b465ee728b)
Start importing Assets/Unity/Rooms_Tambur_Walls_MaskMap.jpg using Guid(a3661084cfec94647b16c67770ccd272) Importer(815301076,1909f56bfc062723c751e8b465ee728b) (PreviewImporter) -> (artifact id: '7a2bae8f848a7397bdb5215d02229cec') in 0.0111268 seconds
Number of updated asset objects reloaded before import = 0Number of asset objects unloaded after import = 2

========================================================================
Received Import Request.
  Time since last request: 122.210642 seconds.
  path: Assets/Unity_for_gays/Unity_for_gays/Apples_Bake1_PBR_Diffuse.jpg
  artifactKey: Guid(5ddea0a2dbd520344a3c5896a33482b6) Importer(815301076,1909f56bfc062723c751e8b465ee728b)
Start importing Assets/Unity_for_gays/Unity_for_gays/Apples_Bake1_PBR_Diffuse.jpg using Guid(5ddea0a2dbd520344a3c5896a33482b6) Importer(815301076,1909f56bfc062723c751e8b465ee728b) (PreviewImporter) -> (artifact id: '97d2d95260b718fbabd3af55caa744df') in 0.0115381 seconds
Number of updated asset objects reloaded before import = 0Number of asset objects unloaded after import = 2

========================================================================
Received Import Request.
  Time since last request: 0.000012 seconds.
  path: Assets/Unity_for_gays/Unity_for_gays/Cucumbers_Bake1_PBR_Diffuse.jpg
  artifactKey: Guid(5f6b490db1f75944cb72c367ae72323f) Importer(815301076,1909f56bfc062723c751e8b465ee728b)
Start importing Assets/Unity_for_gays/Unity_for_gays/Cucumbers_Bake1_PBR_Diffuse.jpg using Guid(5f6b490db1f75944cb72c367ae72323f) Importer(815301076,1909f56bfc062723c751e8b465ee728b) (PreviewImporter) -> (artifact id: '5383d539653796cadfbf2f533bb0b1f4') in 0.0273548 seconds
Number of updated asset objects reloaded before import = 0Number of asset objects unloaded after import = 2

========================================================================
Received Import Request.
  Time since last request: 0.000014 seconds.
  path: Assets/Unity_for_gays/Unity_for_gays/Props_Plants_MaskMap.jpg
  artifactKey: Guid(e37c8121b4d05c24bb7382165f88d67a) Importer(815301076,1909f56bfc062723c751e8b465ee728b)
Start importing Assets/Unity_for_gays/Unity_for_gays/Props_Plants_MaskMap.jpg using Guid(e37c8121b4d05c24bb7382165f88d67a) Importer(815301076,1909f56bfc062723c751e8b465ee728b) (PreviewImporter) -> (artifact id: '5801dc88a8168b399945b9e678c73edc') in 0.046253 seconds
Number of updated asset objects reloaded before import = 0Number of asset objects unloaded after import = 2

========================================================================
Received Import Request.
  Time since last request: 0.000019 seconds.
  path: Assets/Unity_for_gays/Unity_for_gays/Props_Props_Normal.jpg
  artifactKey: Guid(58678fa41a2b7cb4c85bb414c0708b04) Importer(815301076,1909f56bfc062723c751e8b465ee728b)
Start importing Assets/Unity_for_gays/Unity_for_gays/Props_Props_Normal.jpg using Guid(58678fa41a2b7cb4c85bb414c0708b04) Importer(815301076,1909f56bfc062723c751e8b465ee728b) (PreviewImporter) -> (artifact id: '6bfb0b781e191ec6c557b6823a5810a2') in 0.0153341 seconds
Number of updated asset objects reloaded before import = 0Number of asset objects unloaded after import = 2

========================================================================
Received Import Request.
  Time since last request: 0.000012 seconds.
  path: Assets/Unity_for_gays/Unity_for_gays/Furniture_Livingroom_Furniture_MaskMap.jpg
  artifactKey: Guid(b3aa14d55e50af94cb7b330af4dafeec) Importer(815301076,1909f56bfc062723c751e8b465ee728b)
Start importing Assets/Unity_for_gays/Unity_for_gays/Furniture_Livingroom_Furniture_MaskMap.jpg using Guid(b3aa14d55e50af94cb7b330af4dafeec) Importer(815301076,1909f56bfc062723c751e8b465ee728b) (PreviewImporter) -> (artifact id: '565edd522293656bc077c91f4b8a46a2') in 0.0236754 seconds
Number of updated asset objects reloaded before import = 0Number of asset objects unloaded after import = 2

========================================================================
Received Import Request.
  Time since last request: 0.000016 seconds.
  path: Assets/Unity_for_gays/Unity_for_gays/Furniture_Balcony_Furniture_BaseMap.jpg
  artifactKey: Guid(26c0341663900cb44aa17a0b99a98354) Importer(815301076,1909f56bfc062723c751e8b465ee728b)
Start importing Assets/Unity_for_gays/Unity_for_gays/Furniture_Balcony_Furniture_BaseMap.jpg using Guid(26c0341663900cb44aa17a0b99a98354) Importer(815301076,1909f56bfc062723c751e8b465ee728b) (PreviewImporter) -> (artifact id: 'b2906b3c5468b09133b9a42118c0e516') in 0.031013 seconds
Number of updated asset objects reloaded before import = 0Number of asset objects unloaded after import = 2

========================================================================
Received Import Request.
  Time since last request: 0.000014 seconds.
  path: Assets/Unity_for_gays/Unity_for_gays/d1J_I2XttiM.jpg
  artifactKey: Guid(859d46469c56b7b43b88c01193e5a813) Importer(815301076,1909f56bfc062723c751e8b465ee728b)
Start importing Assets/Unity_for_gays/Unity_for_gays/d1J_I2XttiM.jpg using Guid(859d46469c56b7b43b88c01193e5a813) Importer(815301076,1909f56bfc062723c751e8b465ee728b) (PreviewImporter) -> (artifact id: '2ffd8aa5b6dbb70e085876a29405ceb1') in 0.0118136 seconds
Number of updated asset objects reloaded before import = 0Number of asset objects unloaded after import = 2

========================================================================
Received Import Request.
  Time since last request: 0.000022 seconds.
  path: Assets/Unity_for_gays/Unity_for_gays/Furniture_Interior_Details_Normal.jpg
  artifactKey: Guid(d27d4929e6829fa4294c7dc4faa61180) Importer(815301076,1909f56bfc062723c751e8b465ee728b)
Start importing Assets/Unity_for_gays/Unity_for_gays/Furniture_Interior_Details_Normal.jpg using Guid(d27d4929e6829fa4294c7dc4faa61180) Importer(815301076,1909f56bfc062723c751e8b465ee728b) (PreviewImporter) -> (artifact id: '447ef658cfd3c5f2086cd490839fc209') in 0.0122135 seconds
Number of updated asset objects reloaded before import = 0Number of asset objects unloaded after import = 2

========================================================================
Received Import Request.
  Time since last request: 0.000011 seconds.
  path: Assets/Unity_for_gays/Unity_for_gays/Furniture_Bathroom_Furniture_Normal.jpg
  artifactKey: Guid(b9806768722f4a54fa5bd5ee03267d55) Importer(815301076,1909f56bfc062723c751e8b465ee728b)
Start importing Assets/Unity_for_gays/Unity_for_gays/Furniture_Bathroom_Furniture_Normal.jpg using Guid(b9806768722f4a54fa5bd5ee03267d55) Importer(815301076,1909f56bfc062723c751e8b465ee728b) (PreviewImporter) -> (artifact id: '32d9c52de8ed8df36cab1ab943bf17d8') in 0.0119648 seconds
Number of updated asset objects reloaded before import = 0Number of asset objects unloaded after import = 2

========================================================================
Received Import Request.
  Time since last request: 0.000014 seconds.
  path: Assets/Unity_for_gays/Unity_for_gays/Furniture_Bedroom_Furniture_MaskMap.jpg
  artifactKey: Guid(83d10cf96ea8ce048b4398286ad18ebd) Importer(815301076,1909f56bfc062723c751e8b465ee728b)
Start importing Assets/Unity_for_gays/Unity_for_gays/Furniture_Bedroom_Furniture_MaskMap.jpg using Guid(83d10cf96ea8ce048b4398286ad18ebd) Importer(815301076,1909f56bfc062723c751e8b465ee728b) (PreviewImporter) -> (artifact id: '971255e95c47f89c890a497597e831f5') in 0.0111869 seconds
Number of updated asset objects reloaded before import = 0Number of asset objects unloaded after import = 2

========================================================================
Received Import Request.
  Time since last request: 0.000022 seconds.
  path: Assets/Unity_for_gays/Unity_for_gays/Furniture_Livingroom_Furniture_Normal.jpg
  artifactKey: Guid(242316463efc402459562da749eb16bd) Importer(815301076,1909f56bfc062723c751e8b465ee728b)
Start importing Assets/Unity_for_gays/Unity_for_gays/Furniture_Livingroom_Furniture_Normal.jpg using Guid(242316463efc402459562da749eb16bd) Importer(815301076,1909f56bfc062723c751e8b465ee728b) (PreviewImporter) -> (artifact id: 'e272705a05970e92d9c9d555a000ad77') in 0.0124559 seconds
Number of updated asset objects reloaded before import = 0Number of asset objects unloaded after import = 2

========================================================================
Received Import Request.
  Time since last request: 0.000024 seconds.
  path: Assets/Unity_for_gays/Unity_for_gays/Furniture_Toilet_Shelf_MaskMap.jpg
  artifactKey: Guid(10f5e7e49688a0443bb826fbef97526c) Importer(815301076,1909f56bfc062723c751e8b465ee728b)
Start importing Assets/Unity_for_gays/Unity_for_gays/Furniture_Toilet_Shelf_MaskMap.jpg using Guid(10f5e7e49688a0443bb826fbef97526c) Importer(815301076,1909f56bfc062723c751e8b465ee728b) (PreviewImporter) -> (artifact id: '673ca5e20f0b2cd966c7218979d045e3') in 0.0110347 seconds
Number of updated asset objects reloaded before import = 0Number of asset objects unloaded after import = 2

========================================================================
Received Import Request.
  Time since last request: 0.000011 seconds.
  path: Assets/Unity_for_gays/Unity_for_gays/Furniture_Kitchen_Furniture_Normal.jpg
  artifactKey: Guid(65e431fa206402844a4f3241f5e0084b) Importer(815301076,1909f56bfc062723c751e8b465ee728b)
Start importing Assets/Unity_for_gays/Unity_for_gays/Furniture_Kitchen_Furniture_Normal.jpg using Guid(65e431fa206402844a4f3241f5e0084b) Importer(815301076,1909f56bfc062723c751e8b465ee728b) (PreviewImporter) -> (artifact id: 'eb518742f613e01f26407eb77819bfdf') in 0.0129414 seconds
Number of updated asset objects reloaded before import = 0Number of asset objects unloaded after import = 2

========================================================================
Received Import Request.
  Time since last request: 0.000012 seconds.
  path: Assets/Unity_for_gays/Unity_for_gays/Paintings_Props2_Normal.jpg
  artifactKey: Guid(d69e132e28a50c14e82bb2f2734e16e7) Importer(815301076,1909f56bfc062723c751e8b465ee728b)
Start importing Assets/Unity_for_gays/Unity_for_gays/Paintings_Props2_Normal.jpg using Guid(d69e132e28a50c14e82bb2f2734e16e7) Importer(815301076,1909f56bfc062723c751e8b465ee728b) (PreviewImporter) -> (artifact id: 'a735c5fdfcc8fc5c791654d663583739') in 0.0140318 seconds
Number of updated asset objects reloaded before import = 0Number of asset objects unloaded after import = 2

========================================================================
Received Import Request.
  Time since last request: 0.000013 seconds.
  path: Assets/Unity_for_gays/Unity_for_gays/Cabinet_Cabinet_MaskMap.jpg
  artifactKey: Guid(f28d0c4b79a89e54988493ab843938f5) Importer(815301076,1909f56bfc062723c751e8b465ee728b)
Start importing Assets/Unity_for_gays/Unity_for_gays/Cabinet_Cabinet_MaskMap.jpg using Guid(f28d0c4b79a89e54988493ab843938f5) Importer(815301076,1909f56bfc062723c751e8b465ee728b) (PreviewImporter) -> (artifact id: '35ea7dbcafd39c2d8d403452c0073f13') in 0.03239 seconds
Number of updated asset objects reloaded before import = 0Number of asset objects unloaded after import = 2

========================================================================
Received Import Request.
  Time since last request: 0.000019 seconds.
  path: Assets/Unity_for_gays/Unity_for_gays/Props_Carpets_Normal.jpg
  artifactKey: Guid(93a1f15000e9a4d409381882b402120a) Importer(815301076,1909f56bfc062723c751e8b465ee728b)
Start importing Assets/Unity_for_gays/Unity_for_gays/Props_Carpets_Normal.jpg using Guid(93a1f15000e9a4d409381882b402120a) Importer(815301076,1909f56bfc062723c751e8b465ee728b) (PreviewImporter) -> (artifact id: 'bc117668f2df4e5bcd949d3aa7e7ac86') in 0.0123478 seconds
Number of updated asset objects reloaded before import = 0Number of asset objects unloaded after import = 2

========================================================================
Received Import Request.
  Time since last request: 0.000011 seconds.
  path: Assets/Unity_for_gays/Unity_for_gays/Cabinet_Cabinet_BaseMap.jpg
  artifactKey: Guid(7115fbfca44d43544bf8a9c8eea27ce5) Importer(815301076,1909f56bfc062723c751e8b465ee728b)
Start importing Assets/Unity_for_gays/Unity_for_gays/Cabinet_Cabinet_BaseMap.jpg using Guid(7115fbfca44d43544bf8a9c8eea27ce5) Importer(815301076,1909f56bfc062723c751e8b465ee728b) (PreviewImporter) -> (artifact id: 'e79003f047ddcafd5e547523ec316778') in 0.0174469 seconds
Number of updated asset objects reloaded before import = 0Number of asset objects unloaded after import = 2

========================================================================
Received Import Request.
  Time since last request: 0.000011 seconds.
  path: Assets/Unity_for_gays/Unity_for_gays/Furniture_Kitchen_Furniture_BaseMap.jpg
  artifactKey: Guid(796802c1bfb041844b31bd5fa8a300f5) Importer(815301076,1909f56bfc062723c751e8b465ee728b)
Start importing Assets/Unity_for_gays/Unity_for_gays/Furniture_Kitchen_Furniture_BaseMap.jpg using Guid(796802c1bfb041844b31bd5fa8a300f5) Importer(815301076,1909f56bfc062723c751e8b465ee728b) (PreviewImporter) -> (artifact id: '0fe161584389f2298e4ef7faf4241412') in 0.0283676 seconds
Number of updated asset objects reloaded before import = 0Number of asset objects unloaded after import = 2

========================================================================
Received Import Request.
  Time since last request: 0.000016 seconds.
  path: Assets/Unity_for_gays/Unity_for_gays/Props_Plants_BaseMap.jpg
  artifactKey: Guid(1fe0735c3bea65d4c912d939e2be00e7) Importer(815301076,1909f56bfc062723c751e8b465ee728b)
Start importing Assets/Unity_for_gays/Unity_for_gays/Props_Plants_BaseMap.jpg using Guid(1fe0735c3bea65d4c912d939e2be00e7) Importer(815301076,1909f56bfc062723c751e8b465ee728b) (PreviewImporter) -> (artifact id: 'a9429488ebd6d152d1a523fec2ed44f8') in 0.0199086 seconds
Number of updated asset objects reloaded before import = 0Number of asset objects unloaded after import = 2

========================================================================
Received Import Request.
  Time since last request: 0.000023 seconds.
  path: Assets/Unity_for_gays/Unity_for_gays/Props_Props_BaseMap.jpg
  artifactKey: Guid(8aad9964b352ea74ebab30c8943675db) Importer(815301076,1909f56bfc062723c751e8b465ee728b)
Start importing Assets/Unity_for_gays/Unity_for_gays/Props_Props_BaseMap.jpg using Guid(8aad9964b352ea74ebab30c8943675db) Importer(815301076,1909f56bfc062723c751e8b465ee728b) (PreviewImporter) -> (artifact id: '7848d89f479f27675dc9aad249280cd5') in 0.0158674 seconds
Number of updated asset objects reloaded before import = 0Number of asset objects unloaded after import = 2

========================================================================
Received Import Request.
  Time since last request: 0.000015 seconds.
  path: Assets/Unity_for_gays/Unity_for_gays/Furniture_Interior_Details_BaseMap.jpg
  artifactKey: Guid(70308e87174f51646a1614b32c60d9ff) Importer(815301076,1909f56bfc062723c751e8b465ee728b)
Start importing Assets/Unity_for_gays/Unity_for_gays/Furniture_Interior_Details_BaseMap.jpg using Guid(70308e87174f51646a1614b32c60d9ff) Importer(815301076,1909f56bfc062723c751e8b465ee728b) (PreviewImporter) -> (artifact id: '5aa406bb1f0d80967da571a520626c6d') in 0.0299924 seconds
Number of updated asset objects reloaded before import = 0Number of asset objects unloaded after import = 2

========================================================================
Received Import Request.
  Time since last request: 0.000016 seconds.
  path: Assets/Unity_for_gays/Unity_for_gays/Furniture_Kitchen_Furniture_MaskMap.jpg
  artifactKey: Guid(0518483c4261ec243a339178c4918d62) Importer(815301076,1909f56bfc062723c751e8b465ee728b)
Start importing Assets/Unity_for_gays/Unity_for_gays/Furniture_Kitchen_Furniture_MaskMap.jpg using Guid(0518483c4261ec243a339178c4918d62) Importer(815301076,1909f56bfc062723c751e8b465ee728b) (PreviewImporter) -> (artifact id: '2d087f776dff75b7ee5f47473a36fc26') in 0.0137416 seconds
Number of updated asset objects reloaded before import = 0Number of asset objects unloaded after import = 2

========================================================================
Received Import Request.
  Time since last request: 0.000018 seconds.
  path: Assets/Unity_for_gays/Unity_for_gays/Paintings_Props2_BaseMap.jpg
  artifactKey: Guid(8af4b1229fd87104f9f0d46666b56d83) Importer(815301076,1909f56bfc062723c751e8b465ee728b)
Start importing Assets/Unity_for_gays/Unity_for_gays/Paintings_Props2_BaseMap.jpg using Guid(8af4b1229fd87104f9f0d46666b56d83) Importer(815301076,1909f56bfc062723c751e8b465ee728b) (PreviewImporter) -> (artifact id: '1a4bef7ff97de97f37753e89808327c5') in 0.0224991 seconds
Number of updated asset objects reloaded before import = 0Number of asset objects unloaded after import = 2

========================================================================
Received Import Request.
  Time since last request: 0.000014 seconds.
  path: Assets/Unity_for_gays/Unity_for_gays/Furniture_Toilet_Shelf_BaseMap.jpg
  artifactKey: Guid(a436888530f25144c8a593f79f512705) Importer(815301076,1909f56bfc062723c751e8b465ee728b)
Start importing Assets/Unity_for_gays/Unity_for_gays/Furniture_Toilet_Shelf_BaseMap.jpg using Guid(a436888530f25144c8a593f79f512705) Importer(815301076,1909f56bfc062723c751e8b465ee728b) (PreviewImporter) -> (artifact id: '09f9c3b42d0321872a99c486541de94f') in 0.0146136 seconds
Number of updated asset objects reloaded before import = 0Number of asset objects unloaded after import = 2

========================================================================
Received Import Request.
  Time since last request: 0.000013 seconds.
  path: Assets/Unity_for_gays/Unity_for_gays/Furniture_Hallway_Furniture_BaseMap.jpg
  artifactKey: Guid(d9b36afb82c1d6e47bc7a71778bc2292) Importer(815301076,1909f56bfc062723c751e8b465ee728b)
Start importing Assets/Unity_for_gays/Unity_for_gays/Furniture_Hallway_Furniture_BaseMap.jpg using Guid(d9b36afb82c1d6e47bc7a71778bc2292) Importer(815301076,1909f56bfc062723c751e8b465ee728b) (PreviewImporter) -> (artifact id: '9179d8dba61b58db4dc2b2bb35608b52') in 0.0159997 seconds
Number of updated asset objects reloaded before import = 0Number of asset objects unloaded after import = 2

Editor requested this worker to shutdown with reason: Scaling down because of idle timeout
AssetImportWorker is now disconnected from the server
Process exiting
Exiting without the bug reporter. Application will terminate with return code 0